0 info it worked if it ends with ok
1 verbose cli [ 'C:\\Program Files\\nodejs\\node.exe',
1 verbose cli   'C:\\Program Files\\nodejs\\node_modules\\npm\\bin\\npm-cli.js',
1 verbose cli   'run',
1 verbose cli   'server' ]
2 info using npm@3.10.3
3 info using node@v6.7.0
4 verbose run-script [ 'preserver', 'server', 'postserver' ]
5 info lifecycle note-app@1.0.0~preserver: note-app@1.0.0
6 silly lifecycle note-app@1.0.0~preserver: no script for preserver, continuing
7 info lifecycle note-app@1.0.0~server: note-app@1.0.0
8 verbose lifecycle note-app@1.0.0~server: unsafe-perm in lifecycle true
9 verbose lifecycle note-app@1.0.0~server: PATH: C:\Program Files\nodejs\node_modules\npm\bin\node-gyp-bin;C:\Users\User\Documents\Cloud\education\Node\lessions\notes-app\node_modules\.bin;C:\Program Files\nodejs;C:\Users\User\DOCUME~1\MobaXterm\slash\bin;C:\WINDOWS;C:\WINDOWS\system32;C:\Program Files\ffmpeg\bin;C:\Program Files (x86)\Common Files\Intel\Shared Files\cpp\bin\Intel64;C:\ProgramData\Oracle\Java\javapath;C:\Program Files (x86)\Intel\iCLS Client;C:\Program Files\Intel\iCLS Client;C:\WINDOWS\system32;C:\WINDOWS;C:\WINDOWS\System32\Wbem;C:\WINDOWS\System32\WindowsPowerShell\v1.0;C:\Program Files (x86)\Intel\Intel(R) Management Engine Components\DAL;C:\Program Files\Intel\Intel(R) Management Engine Components\DAL;C:\Program Files (x86)\Intel\Intel(R) Management Engine Components\IPT;C:\Program Files\Intel\Intel(R) Management Engine Components\IPT;C:\Program Files\Intel\WiFi\bin;C:\Program Files\Common Files\Intel\WirelessCommon;C:\Program Files\OpenVPN\bin;C:\Program Files (x86)\Skype\Phone;C:\Program Files\Microsoft Network Monitor 3;C:\Anaconda2;C:\Anaconda2\Scripts;C:\Anaconda2\Library\bin;C:\Program Files\nodejs;C:\Program Files\Microsoft DNX\Dnvm;C:\Program Files\Microsoft SQL Server\120\Tools\Binn;C:\Program Files\Git\cmd;C:\Program Files (x86)\Common Files\Intel\Shared Files\cpp\bin\Intel64;C:\ProgramData\Oracle\Java\javapath;C:\Program Files (x86)\Intel\iCLS Client;C:\Program Files\Intel\iCLS Client;C:\WINDOWS\system32;C:\WINDOWS;C:\WINDOWS\System32\Wbem;C:\WINDOWS\System32\WindowsPowerShell\v1.0;C:\Program Files (x86)\Intel\Intel(R) Management Engine Components\DAL;C:\Program Files\Intel\Intel(R) Management Engine Components\DAL;C:\Program Files (x86)\Intel\Intel(R) Management Engine Components\IPT;C:\Program Files\Intel\Intel(R) Management Engine Components\IPT;C:\Program Files\Intel\WiFi\bin;C:\Program Files\Common Files\Intel\WirelessCommon;C:\Program Files\OpenVPN\bin;C:\Program Files (x86)\Skype\Phone;C:\Program Files\Microsoft Network Monitor 3;C:\Anaconda2;C:\Anaconda2\Scripts;C:\Anaconda2\Library\bin;C:\Program Files\nodejs;C:\Program Files\Microsoft DNX\Dnvm;C:\Users\User\AppData\Local\atom\bin
10 verbose lifecycle note-app@1.0.0~server: CWD: C:\Users\User\Documents\Cloud\education\Node\lessions\notes-app
11 silly lifecycle note-app@1.0.0~server: Args: [ '/d /s /c', 'babel-node ./server/app.js' ]
12 silly lifecycle note-app@1.0.0~server: Returned: code: 1  signal: null
13 info lifecycle note-app@1.0.0~server: Failed to exec server script
14 verbose stack Error: note-app@1.0.0 server: `babel-node ./server/app.js`
14 verbose stack Exit status 1
14 verbose stack     at EventEmitter.<anonymous> (C:\Program Files\nodejs\node_modules\npm\lib\utils\lifecycle.js:242:16)
14 verbose stack     at emitTwo (events.js:106:13)
14 verbose stack     at EventEmitter.emit (events.js:191:7)
14 verbose stack     at ChildProcess.<anonymous> (C:\Program Files\nodejs\node_modules\npm\lib\utils\spawn.js:40:14)
14 verbose stack     at emitTwo (events.js:106:13)
14 verbose stack     at ChildProcess.emit (events.js:191:7)
14 verbose stack     at maybeClose (internal/child_process.js:877:16)
14 verbose stack     at Process.ChildProcess._handle.onexit (internal/child_process.js:226:5)
15 verbose pkgid note-app@1.0.0
16 verbose cwd C:\Users\User\Documents\Cloud\education\Node\lessions\notes-app
17 error Windows_NT 10.0.14393
18 error argv "C:\\Program Files\\nodejs\\node.exe" "C:\\Program Files\\nodejs\\node_modules\\npm\\bin\\npm-cli.js" "run" "server"
19 error node v6.7.0
20 error npm  v3.10.3
21 error code ELIFECYCLE
22 error note-app@1.0.0 server: `babel-node ./server/app.js`
22 error Exit status 1
23 error Failed at the note-app@1.0.0 server script 'babel-node ./server/app.js'.
23 error Make sure you have the latest version of node.js and npm installed.
23 error If you do, this is most likely a problem with the note-app package,
23 error not with npm itself.
23 error Tell the author that this fails on your system:
23 error     babel-node ./server/app.js
23 error You can get information on how to open an issue for this project with:
23 error     npm bugs note-app
23 error Or if that isn't available, you can get their info via:
23 error     npm owner ls note-app
23 error There is likely additional logging output above.
24 verbose exit [ 1, true ]
